[debug] [2022-05-02T00:40:38.239Z] ----------------------------------------------------------------------
[debug] [2022-05-02T00:40:38.242Z] Command:       /Users/ookawatatsuya/.nodebrew/node/v16.2.0/bin/node /Users/ookawatatsuya/.nodebrew/current/bin/firebase deploy
[debug] [2022-05-02T00:40:38.242Z] CLI Version:   10.7.2
[debug] [2022-05-02T00:40:38.242Z] Platform:      darwin
[debug] [2022-05-02T00:40:38.242Z] Node Version:  v16.2.0
[debug] [2022-05-02T00:40:38.243Z] Time:          Mon May 02 2022 09:40:38 GMT+0900 (日本標準時)
[debug] [2022-05-02T00:40:38.243Z] ----------------------------------------------------------------------
[debug] 
[debug] [2022-05-02T00:40:38.301Z] > command requires scopes: ["email","openid","https://www.googleapis.com/auth/cloudplatformprojects.readonly","https://www.googleapis.com/auth/firebase","https://www.googleapis.com/auth/cloud-platform"]
[debug] [2022-05-02T00:40:38.301Z] > authorizing via signed-in user (0285mashiko@gmail.com)
[debug] [2022-05-02T00:40:38.301Z] [iam] checking project reserve-manager-c58ed for permissions ["cloudfunctions.functions.create","cloudfunctions.functions.delete","cloudfunctions.functions.get","cloudfunctions.functions.list","cloudfunctions.functions.update","cloudfunctions.operations.get","datastore.indexes.create","datastore.indexes.delete","datastore.indexes.list","datastore.indexes.update","firebase.projects.get","firebaserules.releases.create","firebaserules.releases.update","firebaserules.rulesets.create"]
[debug] [2022-05-02T00:40:38.303Z] >>> [apiv2][query] POST https://cloudresourcemanager.googleapis.com/v1/projects/reserve-manager-c58ed:testIamPermissions [none]
[debug] [2022-05-02T00:40:38.303Z] >>> [apiv2][body] POST https://cloudresourcemanager.googleapis.com/v1/projects/reserve-manager-c58ed:testIamPermissions {"permissions":["cloudfunctions.functions.create","cloudfunctions.functions.delete","cloudfunctions.functions.get","cloudfunctions.functions.list","cloudfunctions.functions.update","cloudfunctions.operations.get","datastore.indexes.create","datastore.indexes.delete","datastore.indexes.list","datastore.indexes.update","firebase.projects.get","firebaserules.releases.create","firebaserules.releases.update","firebaserules.rulesets.create"]}
[debug] [2022-05-02T00:40:39.384Z] <<< [apiv2][status] POST https://cloudresourcemanager.googleapis.com/v1/projects/reserve-manager-c58ed:testIamPermissions 200
[debug] [2022-05-02T00:40:39.385Z] <<< [apiv2][body] POST https://cloudresourcemanager.googleapis.com/v1/projects/reserve-manager-c58ed:testIamPermissions {"permissions":["cloudfunctions.functions.create","cloudfunctions.functions.delete","cloudfunctions.functions.get","cloudfunctions.functions.list","cloudfunctions.functions.update","cloudfunctions.operations.get","datastore.indexes.create","datastore.indexes.delete","datastore.indexes.list","datastore.indexes.update","firebase.projects.get","firebaserules.releases.create","firebaserules.releases.update","firebaserules.rulesets.create"]}
[debug] [2022-05-02T00:40:39.385Z] >>> [apiv2][query] POST https://iam.googleapis.com/v1/projects/reserve-manager-c58ed/serviceAccounts/reserve-manager-c58ed@appspot.gserviceaccount.com:testIamPermissions [none]
[debug] [2022-05-02T00:40:39.385Z] >>> [apiv2][body] POST https://iam.googleapis.com/v1/projects/reserve-manager-c58ed/serviceAccounts/reserve-manager-c58ed@appspot.gserviceaccount.com:testIamPermissions {"permissions":["iam.serviceAccounts.actAs"]}
[debug] [2022-05-02T00:40:40.405Z] <<< [apiv2][status] POST https://iam.googleapis.com/v1/projects/reserve-manager-c58ed/serviceAccounts/reserve-manager-c58ed@appspot.gserviceaccount.com:testIamPermissions 200
[debug] [2022-05-02T00:40:40.405Z] <<< [apiv2][body] POST https://iam.googleapis.com/v1/projects/reserve-manager-c58ed/serviceAccounts/reserve-manager-c58ed@appspot.gserviceaccount.com:testIamPermissions {"permissions":["iam.serviceAccounts.actAs"]}
[info] 
[info] === Deploying to 'reserve-manager-c58ed'...
[info] 
[info] i  deploying storage, firestore, functions 
[info] Running command: npm --prefix "$RESOURCE_DIR" run build
[info] ✔  functions: Finished running predeploy script. 
[debug] [2022-05-02T00:40:48.131Z] >>> [apiv2][query] GET https://appengine.googleapis.com/v1/apps/reserve-manager-c58ed [none]
[debug] [2022-05-02T00:40:49.841Z] <<< [apiv2][status] GET https://appengine.googleapis.com/v1/apps/reserve-manager-c58ed 200
[debug] [2022-05-02T00:40:49.841Z] <<< [apiv2][body] GET https://appengine.googleapis.com/v1/apps/reserve-manager-c58ed {"name":"apps/reserve-manager-c58ed","id":"reserve-manager-c58ed","authDomain":"gmail.com","locationId":"asia-northeast1","codeBucket":"staging.reserve-manager-c58ed.appspot.com","servingStatus":"SERVING","defaultHostname":"reserve-manager-c58ed.an.r.appspot.com","defaultBucket":"reserve-manager-c58ed.appspot.com","serviceAccount":"reserve-manager-c58ed@appspot.gserviceaccount.com","gcrDomain":"asia.gcr.io","databaseType":"CLOUD_FIRESTORE","featureSettings":{"splitHealthChecks":true,"useContainerOptimizedOs":true}}
[info] i  firebase.storage: checking storage.rules for compilation errors... 
[debug] [2022-05-02T00:40:49.842Z] >>> [apiv2][query] POST https://firebaserules.googleapis.com/v1/projects/reserve-manager-c58ed:test [none]
[debug] [2022-05-02T00:40:49.842Z] >>> [apiv2][body] POST https://firebaserules.googleapis.com/v1/projects/reserve-manager-c58ed:test [omitted]
[debug] [2022-05-02T00:40:51.545Z] <<< [apiv2][status] POST https://firebaserules.googleapis.com/v1/projects/reserve-manager-c58ed:test 200
[debug] [2022-05-02T00:40:51.545Z] <<< [apiv2][body] POST https://firebaserules.googleapis.com/v1/projects/reserve-manager-c58ed:test {}
[info] ✔  firebase.storage: rules file storage.rules compiled successfully 
[info] i  firestore: reading indexes from firestore.indexes.json... 
[info] i  cloud.firestore: checking firestore.rules for compilation errors... 
[debug] [2022-05-02T00:40:51.546Z] >>> [apiv2][query] POST https://firebaserules.googleapis.com/v1/projects/reserve-manager-c58ed:test [none]
[debug] [2022-05-02T00:40:51.547Z] >>> [apiv2][body] POST https://firebaserules.googleapis.com/v1/projects/reserve-manager-c58ed:test [omitted]
[debug] [2022-05-02T00:40:52.769Z] <<< [apiv2][status] POST https://firebaserules.googleapis.com/v1/projects/reserve-manager-c58ed:test 200
[debug] [2022-05-02T00:40:52.769Z] <<< [apiv2][body] POST https://firebaserules.googleapis.com/v1/projects/reserve-manager-c58ed:test {}
[info] ✔  cloud.firestore: rules file firestore.rules compiled successfully 
[debug] [2022-05-02T00:40:52.771Z] >>> [apiv2][query] GET https://firebase.googleapis.com/v1beta1/projects/reserve-manager-c58ed [none]
[debug] [2022-05-02T00:40:53.219Z] <<< [apiv2][status] GET https://firebase.googleapis.com/v1beta1/projects/reserve-manager-c58ed 200
[debug] [2022-05-02T00:40:53.219Z] <<< [apiv2][body] GET https://firebase.googleapis.com/v1beta1/projects/reserve-manager-c58ed {"projectId":"reserve-manager-c58ed","projectNumber":"884445113748","displayName":"reserve-manager","name":"projects/reserve-manager-c58ed","resources":{"hostingSite":"reserve-manager-c58ed","realtimeDatabaseInstance":"reserve-manager-c58ed-default-rtdb","storageBucket":"reserve-manager-c58ed.appspot.com","locationId":"asia-northeast1"},"state":"ACTIVE"}
[info] i  functions: ensuring required API cloudfunctions.googleapis.com is enabled... 
[info] i  functions: ensuring required API cloudbuild.googleapis.com is enabled... 
[debug] [2022-05-02T00:40:53.220Z] >>> [apiv2][query] GET https://serviceusage.googleapis.com/v1/projects/reserve-manager-c58ed/services/cloudfunctions.googleapis.com [none]
[debug] [2022-05-02T00:40:53.221Z] >>> [apiv2][query] GET https://serviceusage.googleapis.com/v1/projects/reserve-manager-c58ed/services/runtimeconfig.googleapis.com [none]
[debug] [2022-05-02T00:40:53.222Z] >>> [apiv2][query] GET https://serviceusage.googleapis.com/v1/projects/reserve-manager-c58ed/services/cloudbuild.googleapis.com [none]
[debug] [2022-05-02T00:40:53.224Z] >>> [apiv2][query] GET https://serviceusage.googleapis.com/v1/projects/reserve-manager-c58ed/services/artifactregistry.googleapis.com [none]
[debug] [2022-05-02T00:40:54.503Z] <<< [apiv2][status] GET https://serviceusage.googleapis.com/v1/projects/reserve-manager-c58ed/services/runtimeconfig.googleapis.com 200
[debug] [2022-05-02T00:40:54.503Z] <<< [apiv2][body] GET https://serviceusage.googleapis.com/v1/projects/reserve-manager-c58ed/services/runtimeconfig.googleapis.com [omitted]
[debug] [2022-05-02T00:40:54.553Z] <<< [apiv2][status] GET https://serviceusage.googleapis.com/v1/projects/reserve-manager-c58ed/services/cloudfunctions.googleapis.com 200
[debug] [2022-05-02T00:40:54.553Z] <<< [apiv2][body] GET https://serviceusage.googleapis.com/v1/projects/reserve-manager-c58ed/services/cloudfunctions.googleapis.com [omitted]
[info] ✔  functions: required API cloudfunctions.googleapis.com is enabled 
[debug] [2022-05-02T00:40:55.147Z] <<< [apiv2][status] GET https://serviceusage.googleapis.com/v1/projects/reserve-manager-c58ed/services/cloudbuild.googleapis.com 200
[debug] [2022-05-02T00:40:55.147Z] <<< [apiv2][body] GET https://serviceusage.googleapis.com/v1/projects/reserve-manager-c58ed/services/cloudbuild.googleapis.com [omitted]
[warn] ⚠  functions: missing required API cloudbuild.googleapis.com. Enabling now... 
[debug] [2022-05-02T00:40:55.148Z] >>> [apiv2][query] POST https://serviceusage.googleapis.com/v1/projects/reserve-manager-c58ed/services/cloudbuild.googleapis.com:enable [none]
[debug] [2022-05-02T00:40:55.570Z] <<< [apiv2][status] GET https://serviceusage.googleapis.com/v1/projects/reserve-manager-c58ed/services/artifactregistry.googleapis.com 200
[debug] [2022-05-02T00:40:55.570Z] <<< [apiv2][body] GET https://serviceusage.googleapis.com/v1/projects/reserve-manager-c58ed/services/artifactregistry.googleapis.com [omitted]
[debug] [2022-05-02T00:40:56.991Z] <<< [apiv2][status] POST https://serviceusage.googleapis.com/v1/projects/reserve-manager-c58ed/services/cloudbuild.googleapis.com:enable 200
[debug] [2022-05-02T00:40:56.992Z] <<< [apiv2][body] POST https://serviceusage.googleapis.com/v1/projects/reserve-manager-c58ed/services/cloudbuild.googleapis.com:enable [omitted]
[debug] [2022-05-02T00:41:06.994Z] >>> [apiv2][query] GET https://serviceusage.googleapis.com/v1/projects/reserve-manager-c58ed/services/cloudbuild.googleapis.com [none]
[debug] [2022-05-02T00:41:08.256Z] <<< [apiv2][status] GET https://serviceusage.googleapis.com/v1/projects/reserve-manager-c58ed/services/cloudbuild.googleapis.com 200
[debug] [2022-05-02T00:41:08.256Z] <<< [apiv2][body] GET https://serviceusage.googleapis.com/v1/projects/reserve-manager-c58ed/services/cloudbuild.googleapis.com [omitted]
[info] ✔  functions: required API cloudbuild.googleapis.com is enabled 
[debug] [2022-05-02T00:41:08.259Z] >>> [apiv2][query] GET https://firebase.googleapis.com/v1beta1/projects/reserve-manager-c58ed/adminSdkConfig [none]
[debug] [2022-05-02T00:41:08.774Z] <<< [apiv2][status] GET https://firebase.googleapis.com/v1beta1/projects/reserve-manager-c58ed/adminSdkConfig 200
[debug] [2022-05-02T00:41:08.775Z] <<< [apiv2][body] GET https://firebase.googleapis.com/v1beta1/projects/reserve-manager-c58ed/adminSdkConfig {"projectId":"reserve-manager-c58ed","databaseURL":"https://reserve-manager-c58ed-default-rtdb.firebaseio.com","storageBucket":"reserve-manager-c58ed.appspot.com","locationId":"asia-northeast1"}
[debug] [2022-05-02T00:41:08.775Z] >>> [apiv2][query] GET https://runtimeconfig.googleapis.com/v1beta1/projects/reserve-manager-c58ed/configs [none]
[debug] [2022-05-02T00:41:09.482Z] <<< [apiv2][status] GET https://runtimeconfig.googleapis.com/v1beta1/projects/reserve-manager-c58ed/configs 200
[debug] [2022-05-02T00:41:09.482Z] <<< [apiv2][body] GET https://runtimeconfig.googleapis.com/v1beta1/projects/reserve-manager-c58ed/configs {}
[info] i  functions: preparing codebase default for deployment 
[debug] [2022-05-02T00:41:09.484Z] Validating nodejs source
[debug] [2022-05-02T00:41:10.742Z] > [functions] package.json contents: {
  "name": "functions",
  "scripts": {
    "build": "tsc",
    "serve": "npm run build && firebase emulators:start --only functions",
    "shell": "npm run build && firebase functions:shell",
    "start": "npm run shell",
    "deploy": "firebase deploy --only functions",
    "logs": "firebase functions:log"
  },
  "engines": {
    "node": "16"
  },
  "main": "lib/index.js",
  "dependencies": {
    "apollo-server-express": "^3.6.7",
    "express": "^4.18.1",
    "firebase-admin": "^10.0.2",
    "firebase-functions": "^3.18.0"
  },
  "devDependencies": {
    "firebase-functions-test": "^0.2.0",
    "typescript": "^4.5.4"
  },
  "private": true
}
[debug] [2022-05-02T00:41:10.742Z] Building nodejs source
[debug] [2022-05-02T00:41:10.743Z] Analyzing nodejs backend spec
[info] i  functions: preparing functions directory for uploading... 
[info] i  functions: packaged /Users/ookawatatsuya/projects/reserve/functions (90.75 KB) for uploading 
[debug] [2022-05-02T00:41:11.131Z] >>> [apiv2][query] GET https://cloudfunctions.googleapis.com/v1/projects/reserve-manager-c58ed/locations/-/functions [none]
[debug] [2022-05-02T00:41:12.353Z] <<< [apiv2][status] GET https://cloudfunctions.googleapis.com/v1/projects/reserve-manager-c58ed/locations/-/functions 200
[debug] [2022-05-02T00:41:12.353Z] <<< [apiv2][body] GET https://cloudfunctions.googleapis.com/v1/projects/reserve-manager-c58ed/locations/-/functions {}
[debug] [2022-05-02T00:41:12.359Z] >>> [apiv2][query] GET https://firebase.googleapis.com/v1beta1/projects/reserve-manager-c58ed [none]
[debug] [2022-05-02T00:41:12.853Z] <<< [apiv2][status] GET https://firebase.googleapis.com/v1beta1/projects/reserve-manager-c58ed 200
[debug] [2022-05-02T00:41:12.853Z] <<< [apiv2][body] GET https://firebase.googleapis.com/v1beta1/projects/reserve-manager-c58ed {"projectId":"reserve-manager-c58ed","projectNumber":"884445113748","displayName":"reserve-manager","name":"projects/reserve-manager-c58ed","resources":{"hostingSite":"reserve-manager-c58ed","realtimeDatabaseInstance":"reserve-manager-c58ed-default-rtdb","storageBucket":"reserve-manager-c58ed.appspot.com","locationId":"asia-northeast1"},"state":"ACTIVE"}
[debug] [2022-05-02T00:41:12.855Z] >>> [apiv2][query] GET https://firebaserules.googleapis.com/v1/projects/reserve-manager-c58ed/releases pageSize=10&pageToken=
[debug] [2022-05-02T00:41:13.578Z] <<< [apiv2][status] GET https://firebaserules.googleapis.com/v1/projects/reserve-manager-c58ed/releases 200
[debug] [2022-05-02T00:41:13.578Z] <<< [apiv2][body] GET https://firebaserules.googleapis.com/v1/projects/reserve-manager-c58ed/releases {"releases":[{"name":"projects/reserve-manager-c58ed/releases/cloud.firestore","rulesetName":"projects/reserve-manager-c58ed/rulesets/38b00b61-61ef-4cec-b1f0-be927c9ad081","createTime":"2022-05-01T08:51:40.990279Z","updateTime":"2022-05-01T08:51:40.990279Z"}]}
[info] i  storage: uploading rules storage.rules... 
[debug] [2022-05-02T00:41:13.579Z] >>> [apiv2][query] POST https://firebaserules.googleapis.com/v1/projects/reserve-manager-c58ed/rulesets [none]
[debug] [2022-05-02T00:41:13.580Z] >>> [apiv2][body] POST https://firebaserules.googleapis.com/v1/projects/reserve-manager-c58ed/rulesets [omitted]
[debug] [2022-05-02T00:41:14.193Z] <<< [apiv2][status] POST https://firebaserules.googleapis.com/v1/projects/reserve-manager-c58ed/rulesets 200
[debug] [2022-05-02T00:41:14.193Z] <<< [apiv2][body] POST https://firebaserules.googleapis.com/v1/projects/reserve-manager-c58ed/rulesets {"name":"projects/reserve-manager-c58ed/rulesets/8903bc1c-d902-4d5e-ba5e-0ce1982fa7c7","source":{"files":[{"content":"rules_version = '2';\nservice firebase.storage {\n  match /b/{bucket}/o {\n    match /{allPaths=**} {\n      allow read, write: if request.auth!=null;\n    }\n  }\n}\n","name":"storage.rules"}]},"createTime":"2022-05-02T00:41:16.568479Z","metadata":{"services":["firebase.storage"]}}
[debug] [2022-05-02T00:41:14.193Z] [rules] created ruleset projects/reserve-manager-c58ed/rulesets/8903bc1c-d902-4d5e-ba5e-0ce1982fa7c7
[debug] [2022-05-02T00:41:14.195Z] > refreshing access token with scopes: ["email","https://www.googleapis.com/auth/cloud-platform","https://www.googleapis.com/auth/cloudplatformprojects.readonly","https://www.googleapis.com/auth/firebase","openid"]
[debug] [2022-05-02T00:41:14.195Z] >>> HTTP REQUEST POST https://www.googleapis.com/oauth2/v3/token  
 <request body omitted>
[debug] [2022-05-02T00:41:14.198Z] >>> [apiv2][query] GET https://firebaserules.googleapis.com/v1/projects/reserve-manager-c58ed/releases pageSize=10&pageToken=
[debug] [2022-05-02T00:41:14.463Z] <<< HTTP RESPONSE 200 {"pragma":"no-cache","date":"Mon, 02 May 2022 00:41:17 GMT","cache-control":"no-cache, no-store, max-age=0, must-revalidate","expires":"Mon, 01 Jan 1990 00:00:00 GMT","content-type":"application/json; charset=utf-8","vary":"X-Origin, Referer, Origin,Accept-Encoding","server":"scaffolding on HTTPServer2","x-xss-protection":"0","x-frame-options":"SAMEORIGIN","x-content-type-options":"nosniff","alt-svc":"h3=\":443\"; ma=2592000,h3-29=\":443\"; ma=2592000,h3-Q050=\":443\"; ma=2592000,h3-Q046=\":443\"; ma=2592000,h3-Q043=\":443\"; ma=2592000,quic=\":443\"; ma=2592000; v=\"46,43\"","accept-ranges":"none","transfer-encoding":"chunked"}
[debug] [2022-05-02T00:41:14.488Z] >>> HTTP REQUEST GET https://firestore.googleapis.com/v1/projects/reserve-manager-c58ed/databases/(default)/collectionGroups/-/indexes  
 
[debug] [2022-05-02T00:41:14.860Z] <<< HTTP RESPONSE 200 {"content-type":"application/json; charset=UTF-8","vary":"X-Origin, Referer, Origin,Accept-Encoding","date":"Mon, 02 May 2022 00:41:17 GMT","server":"ESF","cache-control":"private","x-xss-protection":"0","x-frame-options":"SAMEORIGIN","x-content-type-options":"nosniff","alt-svc":"h3=\":443\"; ma=2592000,h3-29=\":443\"; ma=2592000,h3-Q050=\":443\"; ma=2592000,h3-Q046=\":443\"; ma=2592000,h3-Q043=\":443\"; ma=2592000,quic=\":443\"; ma=2592000; v=\"46,43\"","accept-ranges":"none","transfer-encoding":"chunked"}
[debug] [2022-05-02T00:41:14.861Z] >>> HTTP REQUEST GET https://firestore.googleapis.com/v1/projects/reserve-manager-c58ed/databases/(default)/collectionGroups/-/fields?filter=indexConfig.usesAncestorConfig=false  
 
[debug] [2022-05-02T00:41:15.151Z] <<< HTTP RESPONSE 200 {"content-type":"application/json; charset=UTF-8","vary":"X-Origin, Referer, Origin,Accept-Encoding","date":"Mon, 02 May 2022 00:41:17 GMT","server":"ESF","cache-control":"private","x-xss-protection":"0","x-frame-options":"SAMEORIGIN","x-content-type-options":"nosniff","alt-svc":"h3=\":443\"; ma=2592000,h3-29=\":443\"; ma=2592000,h3-Q050=\":443\"; ma=2592000,h3-Q046=\":443\"; ma=2592000,h3-Q043=\":443\"; ma=2592000,quic=\":443\"; ma=2592000; v=\"46,43\"","accept-ranges":"none","transfer-encoding":"chunked"}
[info] ✔  firestore: deployed indexes in firestore.indexes.json successfully 
[debug] [2022-05-02T00:41:15.346Z] <<< [apiv2][status] GET https://firebaserules.googleapis.com/v1/projects/reserve-manager-c58ed/releases 200
[debug] [2022-05-02T00:41:15.346Z] <<< [apiv2][body] GET https://firebaserules.googleapis.com/v1/projects/reserve-manager-c58ed/releases {"releases":[{"name":"projects/reserve-manager-c58ed/releases/cloud.firestore","rulesetName":"projects/reserve-manager-c58ed/rulesets/38b00b61-61ef-4cec-b1f0-be927c9ad081","createTime":"2022-05-01T08:51:40.990279Z","updateTime":"2022-05-01T08:51:40.990279Z"}]}
[debug] [2022-05-02T00:41:15.346Z] > refreshing access token with scopes: []
[debug] [2022-05-02T00:41:15.347Z] >>> HTTP REQUEST POST https://www.googleapis.com/oauth2/v3/token  
 <request body omitted>
[debug] [2022-05-02T00:41:15.782Z] <<< HTTP RESPONSE 200 {"cache-control":"no-cache, no-store, max-age=0, must-revalidate","date":"Mon, 02 May 2022 00:41:18 GMT","expires":"Mon, 01 Jan 1990 00:00:00 GMT","pragma":"no-cache","content-type":"application/json; charset=utf-8","vary":"X-Origin, Referer, Origin,Accept-Encoding","server":"scaffolding on HTTPServer2","x-xss-protection":"0","x-frame-options":"SAMEORIGIN","x-content-type-options":"nosniff","alt-svc":"h3=\":443\"; ma=2592000,h3-29=\":443\"; ma=2592000,h3-Q050=\":443\"; ma=2592000,h3-Q046=\":443\"; ma=2592000,h3-Q043=\":443\"; ma=2592000,quic=\":443\"; ma=2592000; v=\"46,43\"","accept-ranges":"none","transfer-encoding":"chunked"}
[debug] [2022-05-02T00:41:15.814Z] >>> [apiv2][query] GET https://firebaserules.googleapis.com/v1/projects/reserve-manager-c58ed/rulesets/38b00b61-61ef-4cec-b1f0-be927c9ad081 [none]
[debug] [2022-05-02T00:41:18.956Z] <<< [apiv2][status] GET https://firebaserules.googleapis.com/v1/projects/reserve-manager-c58ed/rulesets/38b00b61-61ef-4cec-b1f0-be927c9ad081 200
[debug] [2022-05-02T00:41:18.956Z] <<< [apiv2][body] GET https://firebaserules.googleapis.com/v1/projects/reserve-manager-c58ed/rulesets/38b00b61-61ef-4cec-b1f0-be927c9ad081 [omitted]
[info] i  firestore: latest version of firestore.rules already up to date, skipping upload... 
[debug] [2022-05-02T00:41:18.958Z] [functions] found 1 new HTTP functions, testing setIamPolicy permission...
[debug] [2022-05-02T00:41:18.958Z] >>> [apiv2][query] POST https://cloudresourcemanager.googleapis.com/v1/projects/reserve-manager-c58ed:testIamPermissions [none]
[debug] [2022-05-02T00:41:18.958Z] >>> [apiv2][body] POST https://cloudresourcemanager.googleapis.com/v1/projects/reserve-manager-c58ed:testIamPermissions {"permissions":["cloudfunctions.functions.setIamPolicy"]}
[debug] [2022-05-02T00:41:20.220Z] <<< [apiv2][status] POST https://cloudresourcemanager.googleapis.com/v1/projects/reserve-manager-c58ed:testIamPermissions 200
[debug] [2022-05-02T00:41:20.220Z] <<< [apiv2][body] POST https://cloudresourcemanager.googleapis.com/v1/projects/reserve-manager-c58ed:testIamPermissions {"permissions":["cloudfunctions.functions.setIamPolicy"]}
[debug] [2022-05-02T00:41:20.220Z] [functions] found setIamPolicy permission, proceeding with deploy
[debug] [2022-05-02T00:41:20.221Z] >>> [apiv2][query] POST https://cloudfunctions.googleapis.com/v1/projects/reserve-manager-c58ed/locations/us-central1/functions:generateUploadUrl [none]
[debug] [2022-05-02T00:41:20.221Z] >>> [apiv2][body] POST https://cloudfunctions.googleapis.com/v1/projects/reserve-manager-c58ed/locations/us-central1/functions:generateUploadUrl {}
[debug] [2022-05-02T00:41:49.011Z] <<< [apiv2][status] POST https://cloudfunctions.googleapis.com/v1/projects/reserve-manager-c58ed/locations/us-central1/functions:generateUploadUrl 200
[debug] [2022-05-02T00:41:49.011Z] <<< [apiv2][body] POST https://cloudfunctions.googleapis.com/v1/projects/reserve-manager-c58ed/locations/us-central1/functions:generateUploadUrl {"uploadUrl":"https://storage.googleapis.com/uploads-1069251882298.us-central1.cloudfunctions.appspot.com/c06a59a2-676e-45bb-8fee-d3f21d7a338b.zip?GoogleAccessId=service-884445113748@gcf-admin-robot.iam.gserviceaccount.com&Expires=1651453911&Signature=N4gv0Qs5goW1T6M%2FDD49p2TBzJWGMix9EAdj6OsNYOGEUKRRtnxMhLrfLcTWn%2Bjqnd6tIyFplzwzRGTb3wF5lhKVoeExn5LFoIgme%2Bqt16N3fKLMxJVR3dC3RwBi5A1ItyQIoXdZUJ4Gj6eB4KlrocnSgmZXDlgAdVXasIMd%2Fs%2Bi1EtFVKbHxABxOQFMaCmo9u1jyvMLTvA%2BWfxGoYavO%2Fkd7DWcW%2BmYRDvvIp5UNWP8lWnzp3VxF9gveUoXoDPlqeZKPJ%2FYaePrfJ7Q7RNWlvJwobdBZ%2Fs2ab9VRo%2Fzrz7Kdt5KZryqA%2BGPz1rfqbRK2Lf1TbnZIdtPC2sRV7NMxw%3D%3D"}
[debug] [2022-05-02T00:41:49.012Z] >>> [apiv2][query] PUT https://storage.googleapis.com/uploads-1069251882298.us-central1.cloudfunctions.appspot.com/c06a59a2-676e-45bb-8fee-d3f21d7a338b.zip GoogleAccessId=service-884445113748%40gcf-admin-robot.iam.gserviceaccount.com&Expires=1651453911&Signature=N4gv0Qs5goW1T6M%2FDD49p2TBzJWGMix9EAdj6OsNYOGEUKRRtnxMhLrfLcTWn%2Bjqnd6tIyFplzwzRGTb3wF5lhKVoeExn5LFoIgme%2Bqt16N3fKLMxJVR3dC3RwBi5A1ItyQIoXdZUJ4Gj6eB4KlrocnSgmZXDlgAdVXasIMd%2Fs%2Bi1EtFVKbHxABxOQFMaCmo9u1jyvMLTvA%2BWfxGoYavO%2Fkd7DWcW%2BmYRDvvIp5UNWP8lWnzp3VxF9gveUoXoDPlqeZKPJ%2FYaePrfJ7Q7RNWlvJwobdBZ%2Fs2ab9VRo%2Fzrz7Kdt5KZryqA%2BGPz1rfqbRK2Lf1TbnZIdtPC2sRV7NMxw%3D%3D
[debug] [2022-05-02T00:41:49.012Z] >>> [apiv2][body] PUT https://storage.googleapis.com/uploads-1069251882298.us-central1.cloudfunctions.appspot.com/c06a59a2-676e-45bb-8fee-d3f21d7a338b.zip [stream]
[debug] [2022-05-02T00:41:49.827Z] <<< [apiv2][status] PUT https://storage.googleapis.com/uploads-1069251882298.us-central1.cloudfunctions.appspot.com/c06a59a2-676e-45bb-8fee-d3f21d7a338b.zip 200
[debug] [2022-05-02T00:41:49.827Z] <<< [apiv2][body] PUT https://storage.googleapis.com/uploads-1069251882298.us-central1.cloudfunctions.appspot.com/c06a59a2-676e-45bb-8fee-d3f21d7a338b.zip [omitted]
[info] ✔  functions: functions folder uploaded successfully 
[debug] [2022-05-02T00:41:49.828Z] [rules] releasing firebase.storage/reserve-manager-c58ed.appspot.com with ruleset projects/reserve-manager-c58ed/rulesets/8903bc1c-d902-4d5e-ba5e-0ce1982fa7c7
[debug] [2022-05-02T00:41:49.829Z] >>> [apiv2][query] PATCH https://firebaserules.googleapis.com/v1/projects/reserve-manager-c58ed/releases/firebase.storage/reserve-manager-c58ed.appspot.com [none]
[debug] [2022-05-02T00:41:49.829Z] >>> [apiv2][body] PATCH https://firebaserules.googleapis.com/v1/projects/reserve-manager-c58ed/releases/firebase.storage/reserve-manager-c58ed.appspot.com {"release":{"name":"projects/reserve-manager-c58ed/releases/firebase.storage/reserve-manager-c58ed.appspot.com","rulesetName":"projects/reserve-manager-c58ed/rulesets/8903bc1c-d902-4d5e-ba5e-0ce1982fa7c7"}}
[debug] [2022-05-02T00:41:51.060Z] <<< [apiv2][status] PATCH https://firebaserules.googleapis.com/v1/projects/reserve-manager-c58ed/releases/firebase.storage/reserve-manager-c58ed.appspot.com 404
[debug] [2022-05-02T00:41:51.060Z] <<< [apiv2][body] PATCH https://firebaserules.googleapis.com/v1/projects/reserve-manager-c58ed/releases/firebase.storage/reserve-manager-c58ed.appspot.com {"error":{"code":404,"message":"Requested entity was not found.","status":"NOT_FOUND"}}
[debug] [2022-05-02T00:41:51.061Z] [rules] ruleset update failed, attempting to create instead
[debug] [2022-05-02T00:41:51.061Z] >>> [apiv2][query] POST https://firebaserules.googleapis.com/v1/projects/reserve-manager-c58ed/releases [none]
[debug] [2022-05-02T00:41:51.062Z] >>> [apiv2][body] POST https://firebaserules.googleapis.com/v1/projects/reserve-manager-c58ed/releases {"name":"projects/reserve-manager-c58ed/releases/firebase.storage/reserve-manager-c58ed.appspot.com","rulesetName":"projects/reserve-manager-c58ed/rulesets/8903bc1c-d902-4d5e-ba5e-0ce1982fa7c7"}
[debug] [2022-05-02T00:41:52.296Z] <<< [apiv2][status] POST https://firebaserules.googleapis.com/v1/projects/reserve-manager-c58ed/releases 200
[debug] [2022-05-02T00:41:52.296Z] <<< [apiv2][body] POST https://firebaserules.googleapis.com/v1/projects/reserve-manager-c58ed/releases {"name":"projects/reserve-manager-c58ed/releases/firebase.storage/reserve-manager-c58ed.appspot.com","rulesetName":"projects/reserve-manager-c58ed/rulesets/8903bc1c-d902-4d5e-ba5e-0ce1982fa7c7","createTime":"2022-05-02T00:41:54.824814Z","updateTime":"2022-05-02T00:41:54.824814Z"}
[debug] [2022-05-02T00:41:52.296Z] [rules] created release projects/reserve-manager-c58ed/releases/firebase.storage/reserve-manager-c58ed.appspot.com
[info] ✔  storage: released rules storage.rules to firebase.storage 
[debug] [2022-05-02T00:41:52.296Z] [rules] releasing cloud.firestore with ruleset projects/reserve-manager-c58ed/rulesets/38b00b61-61ef-4cec-b1f0-be927c9ad081
[debug] [2022-05-02T00:41:52.296Z] >>> [apiv2][query] PATCH https://firebaserules.googleapis.com/v1/projects/reserve-manager-c58ed/releases/cloud.firestore [none]
[debug] [2022-05-02T00:41:52.296Z] >>> [apiv2][body] PATCH https://firebaserules.googleapis.com/v1/projects/reserve-manager-c58ed/releases/cloud.firestore {"release":{"name":"projects/reserve-manager-c58ed/releases/cloud.firestore","rulesetName":"projects/reserve-manager-c58ed/rulesets/38b00b61-61ef-4cec-b1f0-be927c9ad081"}}
[debug] [2022-05-02T00:41:53.460Z] <<< [apiv2][status] PATCH https://firebaserules.googleapis.com/v1/projects/reserve-manager-c58ed/releases/cloud.firestore 200
[debug] [2022-05-02T00:41:53.460Z] <<< [apiv2][body] PATCH https://firebaserules.googleapis.com/v1/projects/reserve-manager-c58ed/releases/cloud.firestore {"name":"projects/reserve-manager-c58ed/releases/cloud.firestore","rulesetName":"projects/reserve-manager-c58ed/rulesets/38b00b61-61ef-4cec-b1f0-be927c9ad081","createTime":"2022-05-01T08:51:40.990279Z","updateTime":"2022-05-02T00:41:55.985845Z"}
[debug] [2022-05-02T00:41:53.460Z] [rules] updated release projects/reserve-manager-c58ed/releases/cloud.firestore
[info] ✔  firestore: released rules firestore.rules to cloud.firestore 
[info] i  functions: creating Node.js 16 function graphql(us-central1)... 
[debug] [2022-05-02T00:41:53.465Z] >>> [apiv2][query] POST https://cloudfunctions.googleapis.com/v1/projects/reserve-manager-c58ed/locations/us-central1/functions [none]
[debug] [2022-05-02T00:41:53.465Z] >>> [apiv2][body] POST https://cloudfunctions.googleapis.com/v1/projects/reserve-manager-c58ed/locations/us-central1/functions {"name":"projects/reserve-manager-c58ed/locations/us-central1/functions/graphql","sourceUploadUrl":"https://storage.googleapis.com/uploads-1069251882298.us-central1.cloudfunctions.appspot.com/c06a59a2-676e-45bb-8fee-d3f21d7a338b.zip?GoogleAccessId=service-884445113748@gcf-admin-robot.iam.gserviceaccount.com&Expires=1651453911&Signature=N4gv0Qs5goW1T6M%2FDD49p2TBzJWGMix9EAdj6OsNYOGEUKRRtnxMhLrfLcTWn%2Bjqnd6tIyFplzwzRGTb3wF5lhKVoeExn5LFoIgme%2Bqt16N3fKLMxJVR3dC3RwBi5A1ItyQIoXdZUJ4Gj6eB4KlrocnSgmZXDlgAdVXasIMd%2Fs%2Bi1EtFVKbHxABxOQFMaCmo9u1jyvMLTvA%2BWfxGoYavO%2Fkd7DWcW%2BmYRDvvIp5UNWP8lWnzp3VxF9gveUoXoDPlqeZKPJ%2FYaePrfJ7Q7RNWlvJwobdBZ%2Fs2ab9VRo%2Fzrz7Kdt5KZryqA%2BGPz1rfqbRK2Lf1TbnZIdtPC2sRV7NMxw%3D%3D","entryPoint":"graphql","runtime":"nodejs16","labels":{"deployment-tool":"cli-firebase"},"httpsTrigger":{"securityLevel":"SECURE_ALWAYS"},"environmentVariables":{"FIREBASE_CONFIG":"{\"projectId\":\"reserve-manager-c58ed\",\"databaseURL\":\"https://reserve-manager-c58ed-default-rtdb.firebaseio.com\",\"storageBucket\":\"reserve-manager-c58ed.appspot.com\",\"locationId\":\"asia-northeast1\"}","GCLOUD_PROJECT":"reserve-manager-c58ed"}}
[debug] [2022-05-02T00:41:54.537Z] <<< [apiv2][status] POST https://cloudfunctions.googleapis.com/v1/projects/reserve-manager-c58ed/locations/us-central1/functions 200
[debug] [2022-05-02T00:41:54.538Z] <<< [apiv2][body] POST https://cloudfunctions.googleapis.com/v1/projects/reserve-manager-c58ed/locations/us-central1/functions {"name":"operations/cmVzZXJ2ZS1tYW5hZ2VyLWM1OGVkL3VzLWNlbnRyYWwxL2dyYXBocWwvQ0tGVkdfM05vMzQ","metadata":{"@type":"type.googleapis.com/google.cloud.functions.v1.OperationMetadataV1","target":"projects/reserve-manager-c58ed/locations/us-central1/functions/graphql","type":"CREATE_FUNCTION","request":{"@type":"type.googleapis.com/google.cloud.functions.v1.CloudFunction","name":"projects/reserve-manager-c58ed/locations/us-central1/functions/graphql","httpsTrigger":{"securityLevel":"SECURE_ALWAYS"},"entryPoint":"graphql","labels":{"deployment-tool":"cli-firebase"},"sourceUploadUrl":"https://storage.googleapis.com/uploads-1069251882298.us-central1.cloudfunctions.appspot.com/c06a59a2-676e-45bb-8fee-d3f21d7a338b.zip?GoogleAccessId=service-884445113748@gcf-admin-robot.iam.gserviceaccount.com&Expires=1651453911&Signature=N4gv0Qs5goW1T6M%2FDD49p2TBzJWGMix9EAdj6OsNYOGEUKRRtnxMhLrfLcTWn%2Bjqnd6tIyFplzwzRGTb3wF5lhKVoeExn5LFoIgme%2Bqt16N3fKLMxJVR3dC3RwBi5A1ItyQIoXdZUJ4Gj6eB4KlrocnSgmZXDlgAdVXasIMd%2Fs%2Bi1EtFVKbHxABxOQFMaCmo9u1jyvMLTvA%2BWfxGoYavO%2Fkd7DWcW%2BmYRDvvIp5UNWP8lWnzp3VxF9gveUoXoDPlqeZKPJ%2FYaePrfJ7Q7RNWlvJwobdBZ%2Fs2ab9VRo%2Fzrz7Kdt5KZryqA%2BGPz1rfqbRK2Lf1TbnZIdtPC2sRV7NMxw%3D%3D","environmentVariables":{"FIREBASE_CONFIG":"{\"projectId\":\"reserve-manager-c58ed\",\"databaseURL\":\"https://reserve-manager-c58ed-default-rtdb.firebaseio.com\",\"storageBucket\":\"reserve-manager-c58ed.appspot.com\",\"locationId\":\"asia-northeast1\"}","GCLOUD_PROJECT":"reserve-manager-c58ed"},"runtime":"nodejs16"},"versionId":"1","updateTime":"2022-05-02T00:41:56Z"}}
[debug] [2022-05-02T00:41:54.538Z] >>> [apiv2][query] GET https://cloudfunctions.googleapis.com/v1/operations/cmVzZXJ2ZS1tYW5hZ2VyLWM1OGVkL3VzLWNlbnRyYWwxL2dyYXBocWwvQ0tGVkdfM05vMzQ [none]
[debug] [2022-05-02T00:41:55.363Z] <<< [apiv2][status] GET https://cloudfunctions.googleapis.com/v1/operations/cmVzZXJ2ZS1tYW5hZ2VyLWM1OGVkL3VzLWNlbnRyYWwxL2dyYXBocWwvQ0tGVkdfM05vMzQ 200
[debug] [2022-05-02T00:41:55.363Z] <<< [apiv2][body] GET https://cloudfunctions.googleapis.com/v1/operations/cmVzZXJ2ZS1tYW5hZ2VyLWM1OGVkL3VzLWNlbnRyYWwxL2dyYXBocWwvQ0tGVkdfM05vMzQ {"name":"operations/cmVzZXJ2ZS1tYW5hZ2VyLWM1OGVkL3VzLWNlbnRyYWwxL2dyYXBocWwvQ0tGVkdfM05vMzQ","metadata":{"@type":"type.googleapis.com/google.cloud.functions.v1.OperationMetadataV1","target":"projects/reserve-manager-c58ed/locations/us-central1/functions/graphql","type":"CREATE_FUNCTION","request":{"@type":"type.googleapis.com/google.cloud.functions.v1.CloudFunction","name":"projects/reserve-manager-c58ed/locations/us-central1/functions/graphql","httpsTrigger":{"securityLevel":"SECURE_ALWAYS"},"entryPoint":"graphql","labels":{"deployment-tool":"cli-firebase"},"sourceUploadUrl":"https://storage.googleapis.com/uploads-1069251882298.us-central1.cloudfunctions.appspot.com/c06a59a2-676e-45bb-8fee-d3f21d7a338b.zip?GoogleAccessId=service-884445113748@gcf-admin-robot.iam.gserviceaccount.com&Expires=1651453911&Signature=N4gv0Qs5goW1T6M%2FDD49p2TBzJWGMix9EAdj6OsNYOGEUKRRtnxMhLrfLcTWn%2Bjqnd6tIyFplzwzRGTb3wF5lhKVoeExn5LFoIgme%2Bqt16N3fKLMxJVR3dC3RwBi5A1ItyQIoXdZUJ4Gj6eB4KlrocnSgmZXDlgAdVXasIMd%2Fs%2Bi1EtFVKbHxABxOQFMaCmo9u1jyvMLTvA%2BWfxGoYavO%2Fkd7DWcW%2BmYRDvvIp5UNWP8lWnzp3VxF9gveUoXoDPlqeZKPJ%2FYaePrfJ7Q7RNWlvJwobdBZ%2Fs2ab9VRo%2Fzrz7Kdt5KZryqA%2BGPz1rfqbRK2Lf1TbnZIdtPC2sRV7NMxw%3D%3D","environmentVariables":{"FIREBASE_CONFIG":"{\"projectId\":\"reserve-manager-c58ed\",\"databaseURL\":\"https://reserve-manager-c58ed-default-rtdb.firebaseio.com\",\"storageBucket\":\"reserve-manager-c58ed.appspot.com\",\"locationId\":\"asia-northeast1\"}","GCLOUD_PROJECT":"reserve-manager-c58ed"},"runtime":"nodejs16"},"versionId":"1","updateTime":"2022-05-02T00:41:57Z"}}
[debug] [2022-05-02T00:41:55.866Z] [create-default-us-central1-graphql] Retrying task index 0
[debug] [2022-05-02T00:41:55.866Z] >>> [apiv2][query] GET https://cloudfunctions.googleapis.com/v1/operations/cmVzZXJ2ZS1tYW5hZ2VyLWM1OGVkL3VzLWNlbnRyYWwxL2dyYXBocWwvQ0tGVkdfM05vMzQ [none]
[debug] [2022-05-02T00:41:56.587Z] <<< [apiv2][status] GET https://cloudfunctions.googleapis.com/v1/operations/cmVzZXJ2ZS1tYW5hZ2VyLWM1OGVkL3VzLWNlbnRyYWwxL2dyYXBocWwvQ0tGVkdfM05vMzQ 200
[debug] [2022-05-02T00:41:56.587Z] <<< [apiv2][body] GET https://cloudfunctions.googleapis.com/v1/operations/cmVzZXJ2ZS1tYW5hZ2VyLWM1OGVkL3VzLWNlbnRyYWwxL2dyYXBocWwvQ0tGVkdfM05vMzQ {"name":"operations/cmVzZXJ2ZS1tYW5hZ2VyLWM1OGVkL3VzLWNlbnRyYWwxL2dyYXBocWwvQ0tGVkdfM05vMzQ","metadata":{"@type":"type.googleapis.com/google.cloud.functions.v1.OperationMetadataV1","target":"projects/reserve-manager-c58ed/locations/us-central1/functions/graphql","type":"CREATE_FUNCTION","request":{"@type":"type.googleapis.com/google.cloud.functions.v1.CloudFunction","name":"projects/reserve-manager-c58ed/locations/us-central1/functions/graphql","httpsTrigger":{"securityLevel":"SECURE_ALWAYS"},"entryPoint":"graphql","labels":{"deployment-tool":"cli-firebase"},"sourceUploadUrl":"https://storage.googleapis.com/uploads-1069251882298.us-central1.cloudfunctions.appspot.com/c06a59a2-676e-45bb-8fee-d3f21d7a338b.zip?GoogleAccessId=service-884445113748@gcf-admin-robot.iam.gserviceaccount.com&Expires=1651453911&Signature=N4gv0Qs5goW1T6M%2FDD49p2TBzJWGMix9EAdj6OsNYOGEUKRRtnxMhLrfLcTWn%2Bjqnd6tIyFplzwzRGTb3wF5lhKVoeExn5LFoIgme%2Bqt16N3fKLMxJVR3dC3RwBi5A1ItyQIoXdZUJ4Gj6eB4KlrocnSgmZXDlgAdVXasIMd%2Fs%2Bi1EtFVKbHxABxOQFMaCmo9u1jyvMLTvA%2BWfxGoYavO%2Fkd7DWcW%2BmYRDvvIp5UNWP8lWnzp3VxF9gveUoXoDPlqeZKPJ%2FYaePrfJ7Q7RNWlvJwobdBZ%2Fs2ab9VRo%2Fzrz7Kdt5KZryqA%2BGPz1rfqbRK2Lf1TbnZIdtPC2sRV7NMxw%3D%3D","environmentVariables":{"FIREBASE_CONFIG":"{\"projectId\":\"reserve-manager-c58ed\",\"databaseURL\":\"https://reserve-manager-c58ed-default-rtdb.firebaseio.com\",\"storageBucket\":\"reserve-manager-c58ed.appspot.com\",\"locationId\":\"asia-northeast1\"}","GCLOUD_PROJECT":"reserve-manager-c58ed"},"runtime":"nodejs16"},"versionId":"1","updateTime":"2022-05-02T00:41:57Z","buildId":"ad87c415-a1e8-419d-9df7-f7eaa74243ae","buildName":"projects/884445113748/locations/us-central1/builds/ad87c415-a1e8-419d-9df7-f7eaa74243ae"}}
[debug] [2022-05-02T00:41:57.591Z] [create-default-us-central1-graphql] Retrying task index 0
[debug] [2022-05-02T00:41:57.592Z] >>> [apiv2][query] GET https://cloudfunctions.googleapis.com/v1/operations/cmVzZXJ2ZS1tYW5hZ2VyLWM1OGVkL3VzLWNlbnRyYWwxL2dyYXBocWwvQ0tGVkdfM05vMzQ [none]
[debug] [2022-05-02T00:41:58.226Z] <<< [apiv2][status] GET https://cloudfunctions.googleapis.com/v1/operations/cmVzZXJ2ZS1tYW5hZ2VyLWM1OGVkL3VzLWNlbnRyYWwxL2dyYXBocWwvQ0tGVkdfM05vMzQ 200
[debug] [2022-05-02T00:41:58.226Z] <<< [apiv2][body] GET https://cloudfunctions.googleapis.com/v1/operations/cmVzZXJ2ZS1tYW5hZ2VyLWM1OGVkL3VzLWNlbnRyYWwxL2dyYXBocWwvQ0tGVkdfM05vMzQ {"name":"operations/cmVzZXJ2ZS1tYW5hZ2VyLWM1OGVkL3VzLWNlbnRyYWwxL2dyYXBocWwvQ0tGVkdfM05vMzQ","metadata":{"@type":"type.googleapis.com/google.cloud.functions.v1.OperationMetadataV1","target":"projects/reserve-manager-c58ed/locations/us-central1/functions/graphql","type":"CREATE_FUNCTION","request":{"@type":"type.googleapis.com/google.cloud.functions.v1.CloudFunction","name":"projects/reserve-manager-c58ed/locations/us-central1/functions/graphql","httpsTrigger":{"securityLevel":"SECURE_ALWAYS"},"entryPoint":"graphql","labels":{"deployment-tool":"cli-firebase"},"sourceUploadUrl":"https://storage.googleapis.com/uploads-1069251882298.us-central1.cloudfunctions.appspot.com/c06a59a2-676e-45bb-8fee-d3f21d7a338b.zip?GoogleAccessId=service-884445113748@gcf-admin-robot.iam.gserviceaccount.com&Expires=1651453911&Signature=N4gv0Qs5goW1T6M%2FDD49p2TBzJWGMix9EAdj6OsNYOGEUKRRtnxMhLrfLcTWn%2Bjqnd6tIyFplzwzRGTb3wF5lhKVoeExn5LFoIgme%2Bqt16N3fKLMxJVR3dC3RwBi5A1ItyQIoXdZUJ4Gj6eB4KlrocnSgmZXDlgAdVXasIMd%2Fs%2Bi1EtFVKbHxABxOQFMaCmo9u1jyvMLTvA%2BWfxGoYavO%2Fkd7DWcW%2BmYRDvvIp5UNWP8lWnzp3VxF9gveUoXoDPlqeZKPJ%2FYaePrfJ7Q7RNWlvJwobdBZ%2Fs2ab9VRo%2Fzrz7Kdt5KZryqA%2BGPz1rfqbRK2Lf1TbnZIdtPC2sRV7NMxw%3D%3D","environmentVariables":{"FIREBASE_CONFIG":"{\"projectId\":\"reserve-manager-c58ed\",\"databaseURL\":\"https://reserve-manager-c58ed-default-rtdb.firebaseio.com\",\"storageBucket\":\"reserve-manager-c58ed.appspot.com\",\"locationId\":\"asia-northeast1\"}","GCLOUD_PROJECT":"reserve-manager-c58ed"},"runtime":"nodejs16"},"versionId":"1","updateTime":"2022-05-02T00:41:57Z","buildId":"ad87c415-a1e8-419d-9df7-f7eaa74243ae","buildName":"projects/884445113748/locations/us-central1/builds/ad87c415-a1e8-419d-9df7-f7eaa74243ae"}}
[debug] [2022-05-02T00:42:00.227Z] [create-default-us-central1-graphql] Retrying task index 0
[debug] [2022-05-02T00:42:00.227Z] >>> [apiv2][query] GET https://cloudfunctions.googleapis.com/v1/operations/cmVzZXJ2ZS1tYW5hZ2VyLWM1OGVkL3VzLWNlbnRyYWwxL2dyYXBocWwvQ0tGVkdfM05vMzQ [none]
[debug] [2022-05-02T00:42:00.933Z] <<< [apiv2][status] GET https://cloudfunctions.googleapis.com/v1/operations/cmVzZXJ2ZS1tYW5hZ2VyLWM1OGVkL3VzLWNlbnRyYWwxL2dyYXBocWwvQ0tGVkdfM05vMzQ 200
[debug] [2022-05-02T00:42:00.933Z] <<< [apiv2][body] GET https://cloudfunctions.googleapis.com/v1/operations/cmVzZXJ2ZS1tYW5hZ2VyLWM1OGVkL3VzLWNlbnRyYWwxL2dyYXBocWwvQ0tGVkdfM05vMzQ {"name":"operations/cmVzZXJ2ZS1tYW5hZ2VyLWM1OGVkL3VzLWNlbnRyYWwxL2dyYXBocWwvQ0tGVkdfM05vMzQ","metadata":{"@type":"type.googleapis.com/google.cloud.functions.v1.OperationMetadataV1","target":"projects/reserve-manager-c58ed/locations/us-central1/functions/graphql","type":"CREATE_FUNCTION","request":{"@type":"type.googleapis.com/google.cloud.functions.v1.CloudFunction","name":"projects/reserve-manager-c58ed/locations/us-central1/functions/graphql","httpsTrigger":{"securityLevel":"SECURE_ALWAYS"},"entryPoint":"graphql","labels":{"deployment-tool":"cli-firebase"},"sourceUploadUrl":"https://storage.googleapis.com/uploads-1069251882298.us-central1.cloudfunctions.appspot.com/c06a59a2-676e-45bb-8fee-d3f21d7a338b.zip?GoogleAccessId=service-884445113748@gcf-admin-robot.iam.gserviceaccount.com&Expires=1651453911&Signature=N4gv0Qs5goW1T6M%2FDD49p2TBzJWGMix9EAdj6OsNYOGEUKRRtnxMhLrfLcTWn%2Bjqnd6tIyFplzwzRGTb3wF5lhKVoeExn5LFoIgme%2Bqt16N3fKLMxJVR3dC3RwBi5A1ItyQIoXdZUJ4Gj6eB4KlrocnSgmZXDlgAdVXasIMd%2Fs%2Bi1EtFVKbHxABxOQFMaCmo9u1jyvMLTvA%2BWfxGoYavO%2Fkd7DWcW%2BmYRDvvIp5UNWP8lWnzp3VxF9gveUoXoDPlqeZKPJ%2FYaePrfJ7Q7RNWlvJwobdBZ%2Fs2ab9VRo%2Fzrz7Kdt5KZryqA%2BGPz1rfqbRK2Lf1TbnZIdtPC2sRV7NMxw%3D%3D","environmentVariables":{"FIREBASE_CONFIG":"{\"projectId\":\"reserve-manager-c58ed\",\"databaseURL\":\"https://reserve-manager-c58ed-default-rtdb.firebaseio.com\",\"storageBucket\":\"reserve-manager-c58ed.appspot.com\",\"locationId\":\"asia-northeast1\"}","GCLOUD_PROJECT":"reserve-manager-c58ed"},"runtime":"nodejs16"},"versionId":"1","updateTime":"2022-05-02T00:41:57Z","buildId":"ad87c415-a1e8-419d-9df7-f7eaa74243ae","buildName":"projects/884445113748/locations/us-central1/builds/ad87c415-a1e8-419d-9df7-f7eaa74243ae"}}
[debug] [2022-05-02T00:42:04.934Z] [create-default-us-central1-graphql] Retrying task index 0
[debug] [2022-05-02T00:42:04.934Z] >>> [apiv2][query] GET https://cloudfunctions.googleapis.com/v1/operations/cmVzZXJ2ZS1tYW5hZ2VyLWM1OGVkL3VzLWNlbnRyYWwxL2dyYXBocWwvQ0tGVkdfM05vMzQ [none]
[debug] [2022-05-02T00:42:05.802Z] <<< [apiv2][status] GET https://cloudfunctions.googleapis.com/v1/operations/cmVzZXJ2ZS1tYW5hZ2VyLWM1OGVkL3VzLWNlbnRyYWwxL2dyYXBocWwvQ0tGVkdfM05vMzQ 200
[debug] [2022-05-02T00:42:05.802Z] <<< [apiv2][body] GET https://cloudfunctions.googleapis.com/v1/operations/cmVzZXJ2ZS1tYW5hZ2VyLWM1OGVkL3VzLWNlbnRyYWwxL2dyYXBocWwvQ0tGVkdfM05vMzQ {"name":"operations/cmVzZXJ2ZS1tYW5hZ2VyLWM1OGVkL3VzLWNlbnRyYWwxL2dyYXBocWwvQ0tGVkdfM05vMzQ","metadata":{"@type":"type.googleapis.com/google.cloud.functions.v1.OperationMetadataV1","target":"projects/reserve-manager-c58ed/locations/us-central1/functions/graphql","type":"CREATE_FUNCTION","request":{"@type":"type.googleapis.com/google.cloud.functions.v1.CloudFunction","name":"projects/reserve-manager-c58ed/locations/us-central1/functions/graphql","httpsTrigger":{"securityLevel":"SECURE_ALWAYS"},"entryPoint":"graphql","labels":{"deployment-tool":"cli-firebase"},"sourceUploadUrl":"https://storage.googleapis.com/uploads-1069251882298.us-central1.cloudfunctions.appspot.com/c06a59a2-676e-45bb-8fee-d3f21d7a338b.zip?GoogleAccessId=service-884445113748@gcf-admin-robot.iam.gserviceaccount.com&Expires=1651453911&Signature=N4gv0Qs5goW1T6M%2FDD49p2TBzJWGMix9EAdj6OsNYOGEUKRRtnxMhLrfLcTWn%2Bjqnd6tIyFplzwzRGTb3wF5lhKVoeExn5LFoIgme%2Bqt16N3fKLMxJVR3dC3RwBi5A1ItyQIoXdZUJ4Gj6eB4KlrocnSgmZXDlgAdVXasIMd%2Fs%2Bi1EtFVKbHxABxOQFMaCmo9u1jyvMLTvA%2BWfxGoYavO%2Fkd7DWcW%2BmYRDvvIp5UNWP8lWnzp3VxF9gveUoXoDPlqeZKPJ%2FYaePrfJ7Q7RNWlvJwobdBZ%2Fs2ab9VRo%2Fzrz7Kdt5KZryqA%2BGPz1rfqbRK2Lf1TbnZIdtPC2sRV7NMxw%3D%3D","environmentVariables":{"FIREBASE_CONFIG":"{\"projectId\":\"reserve-manager-c58ed\",\"databaseURL\":\"https://reserve-manager-c58ed-default-rtdb.firebaseio.com\",\"storageBucket\":\"reserve-manager-c58ed.appspot.com\",\"locationId\":\"asia-northeast1\"}","GCLOUD_PROJECT":"reserve-manager-c58ed"},"runtime":"nodejs16"},"versionId":"1","updateTime":"2022-05-02T00:41:57Z","buildId":"ad87c415-a1e8-419d-9df7-f7eaa74243ae","buildName":"projects/884445113748/locations/us-central1/builds/ad87c415-a1e8-419d-9df7-f7eaa74243ae"}}
[debug] [2022-05-02T00:42:13.801Z] [create-default-us-central1-graphql] Retrying task index 0
[debug] [2022-05-02T00:42:13.802Z] >>> [apiv2][query] GET https://cloudfunctions.googleapis.com/v1/operations/cmVzZXJ2ZS1tYW5hZ2VyLWM1OGVkL3VzLWNlbnRyYWwxL2dyYXBocWwvQ0tGVkdfM05vMzQ [none]
[debug] [2022-05-02T00:42:14.609Z] <<< [apiv2][status] GET https://cloudfunctions.googleapis.com/v1/operations/cmVzZXJ2ZS1tYW5hZ2VyLWM1OGVkL3VzLWNlbnRyYWwxL2dyYXBocWwvQ0tGVkdfM05vMzQ 200
[debug] [2022-05-02T00:42:14.609Z] <<< [apiv2][body] GET https://cloudfunctions.googleapis.com/v1/operations/cmVzZXJ2ZS1tYW5hZ2VyLWM1OGVkL3VzLWNlbnRyYWwxL2dyYXBocWwvQ0tGVkdfM05vMzQ {"name":"operations/cmVzZXJ2ZS1tYW5hZ2VyLWM1OGVkL3VzLWNlbnRyYWwxL2dyYXBocWwvQ0tGVkdfM05vMzQ","metadata":{"@type":"type.googleapis.com/google.cloud.functions.v1.OperationMetadataV1","target":"projects/reserve-manager-c58ed/locations/us-central1/functions/graphql","type":"CREATE_FUNCTION","request":{"@type":"type.googleapis.com/google.cloud.functions.v1.CloudFunction","name":"projects/reserve-manager-c58ed/locations/us-central1/functions/graphql","httpsTrigger":{"securityLevel":"SECURE_ALWAYS"},"entryPoint":"graphql","labels":{"deployment-tool":"cli-firebase"},"sourceUploadUrl":"https://storage.googleapis.com/uploads-1069251882298.us-central1.cloudfunctions.appspot.com/c06a59a2-676e-45bb-8fee-d3f21d7a338b.zip?GoogleAccessId=service-884445113748@gcf-admin-robot.iam.gserviceaccount.com&Expires=1651453911&Signature=N4gv0Qs5goW1T6M%2FDD49p2TBzJWGMix9EAdj6OsNYOGEUKRRtnxMhLrfLcTWn%2Bjqnd6tIyFplzwzRGTb3wF5lhKVoeExn5LFoIgme%2Bqt16N3fKLMxJVR3dC3RwBi5A1ItyQIoXdZUJ4Gj6eB4KlrocnSgmZXDlgAdVXasIMd%2Fs%2Bi1EtFVKbHxABxOQFMaCmo9u1jyvMLTvA%2BWfxGoYavO%2Fkd7DWcW%2BmYRDvvIp5UNWP8lWnzp3VxF9gveUoXoDPlqeZKPJ%2FYaePrfJ7Q7RNWlvJwobdBZ%2Fs2ab9VRo%2Fzrz7Kdt5KZryqA%2BGPz1rfqbRK2Lf1TbnZIdtPC2sRV7NMxw%3D%3D","environmentVariables":{"FIREBASE_CONFIG":"{\"projectId\":\"reserve-manager-c58ed\",\"databaseURL\":\"https://reserve-manager-c58ed-default-rtdb.firebaseio.com\",\"storageBucket\":\"reserve-manager-c58ed.appspot.com\",\"locationId\":\"asia-northeast1\"}","GCLOUD_PROJECT":"reserve-manager-c58ed"},"runtime":"nodejs16"},"versionId":"1","updateTime":"2022-05-02T00:41:57Z","buildId":"ad87c415-a1e8-419d-9df7-f7eaa74243ae","buildName":"projects/884445113748/locations/us-central1/builds/ad87c415-a1e8-419d-9df7-f7eaa74243ae"}}
[debug] [2022-05-02T00:42:24.609Z] [create-default-us-central1-graphql] Retrying task index 0
[debug] [2022-05-02T00:42:24.610Z] >>> [apiv2][query] GET https://cloudfunctions.googleapis.com/v1/operations/cmVzZXJ2ZS1tYW5hZ2VyLWM1OGVkL3VzLWNlbnRyYWwxL2dyYXBocWwvQ0tGVkdfM05vMzQ [none]
[debug] [2022-05-02T00:42:25.258Z] <<< [apiv2][status] GET https://cloudfunctions.googleapis.com/v1/operations/cmVzZXJ2ZS1tYW5hZ2VyLWM1OGVkL3VzLWNlbnRyYWwxL2dyYXBocWwvQ0tGVkdfM05vMzQ 200
[debug] [2022-05-02T00:42:25.258Z] <<< [apiv2][body] GET https://cloudfunctions.googleapis.com/v1/operations/cmVzZXJ2ZS1tYW5hZ2VyLWM1OGVkL3VzLWNlbnRyYWwxL2dyYXBocWwvQ0tGVkdfM05vMzQ {"name":"operations/cmVzZXJ2ZS1tYW5hZ2VyLWM1OGVkL3VzLWNlbnRyYWwxL2dyYXBocWwvQ0tGVkdfM05vMzQ","metadata":{"@type":"type.googleapis.com/google.cloud.functions.v1.OperationMetadataV1","target":"projects/reserve-manager-c58ed/locations/us-central1/functions/graphql","type":"CREATE_FUNCTION","request":{"@type":"type.googleapis.com/google.cloud.functions.v1.CloudFunction","name":"projects/reserve-manager-c58ed/locations/us-central1/functions/graphql","httpsTrigger":{"securityLevel":"SECURE_ALWAYS"},"entryPoint":"graphql","labels":{"deployment-tool":"cli-firebase"},"sourceUploadUrl":"https://storage.googleapis.com/uploads-1069251882298.us-central1.cloudfunctions.appspot.com/c06a59a2-676e-45bb-8fee-d3f21d7a338b.zip?GoogleAccessId=service-884445113748@gcf-admin-robot.iam.gserviceaccount.com&Expires=1651453911&Signature=N4gv0Qs5goW1T6M%2FDD49p2TBzJWGMix9EAdj6OsNYOGEUKRRtnxMhLrfLcTWn%2Bjqnd6tIyFplzwzRGTb3wF5lhKVoeExn5LFoIgme%2Bqt16N3fKLMxJVR3dC3RwBi5A1ItyQIoXdZUJ4Gj6eB4KlrocnSgmZXDlgAdVXasIMd%2Fs%2Bi1EtFVKbHxABxOQFMaCmo9u1jyvMLTvA%2BWfxGoYavO%2Fkd7DWcW%2BmYRDvvIp5UNWP8lWnzp3VxF9gveUoXoDPlqeZKPJ%2FYaePrfJ7Q7RNWlvJwobdBZ%2Fs2ab9VRo%2Fzrz7Kdt5KZryqA%2BGPz1rfqbRK2Lf1TbnZIdtPC2sRV7NMxw%3D%3D","environmentVariables":{"FIREBASE_CONFIG":"{\"projectId\":\"reserve-manager-c58ed\",\"databaseURL\":\"https://reserve-manager-c58ed-default-rtdb.firebaseio.com\",\"storageBucket\":\"reserve-manager-c58ed.appspot.com\",\"locationId\":\"asia-northeast1\"}","GCLOUD_PROJECT":"reserve-manager-c58ed"},"runtime":"nodejs16"},"versionId":"1","updateTime":"2022-05-02T00:41:57Z","buildId":"ad87c415-a1e8-419d-9df7-f7eaa74243ae","buildName":"projects/884445113748/locations/us-central1/builds/ad87c415-a1e8-419d-9df7-f7eaa74243ae"}}
[debug] [2022-05-02T00:42:35.257Z] [create-default-us-central1-graphql] Retrying task index 0
[debug] [2022-05-02T00:42:35.259Z] >>> [apiv2][query] GET https://cloudfunctions.googleapis.com/v1/operations/cmVzZXJ2ZS1tYW5hZ2VyLWM1OGVkL3VzLWNlbnRyYWwxL2dyYXBocWwvQ0tGVkdfM05vMzQ [none]
[debug] [2022-05-02T00:42:36.113Z] <<< [apiv2][status] GET https://cloudfunctions.googleapis.com/v1/operations/cmVzZXJ2ZS1tYW5hZ2VyLWM1OGVkL3VzLWNlbnRyYWwxL2dyYXBocWwvQ0tGVkdfM05vMzQ 200
[debug] [2022-05-02T00:42:36.114Z] <<< [apiv2][body] GET https://cloudfunctions.googleapis.com/v1/operations/cmVzZXJ2ZS1tYW5hZ2VyLWM1OGVkL3VzLWNlbnRyYWwxL2dyYXBocWwvQ0tGVkdfM05vMzQ {"name":"operations/cmVzZXJ2ZS1tYW5hZ2VyLWM1OGVkL3VzLWNlbnRyYWwxL2dyYXBocWwvQ0tGVkdfM05vMzQ","metadata":{"@type":"type.googleapis.com/google.cloud.functions.v1.OperationMetadataV1","target":"projects/reserve-manager-c58ed/locations/us-central1/functions/graphql","type":"CREATE_FUNCTION","request":{"@type":"type.googleapis.com/google.cloud.functions.v1.CloudFunction","name":"projects/reserve-manager-c58ed/locations/us-central1/functions/graphql","httpsTrigger":{"securityLevel":"SECURE_ALWAYS"},"entryPoint":"graphql","labels":{"deployment-tool":"cli-firebase"},"sourceUploadUrl":"https://storage.googleapis.com/uploads-1069251882298.us-central1.cloudfunctions.appspot.com/c06a59a2-676e-45bb-8fee-d3f21d7a338b.zip?GoogleAccessId=service-884445113748@gcf-admin-robot.iam.gserviceaccount.com&Expires=1651453911&Signature=N4gv0Qs5goW1T6M%2FDD49p2TBzJWGMix9EAdj6OsNYOGEUKRRtnxMhLrfLcTWn%2Bjqnd6tIyFplzwzRGTb3wF5lhKVoeExn5LFoIgme%2Bqt16N3fKLMxJVR3dC3RwBi5A1ItyQIoXdZUJ4Gj6eB4KlrocnSgmZXDlgAdVXasIMd%2Fs%2Bi1EtFVKbHxABxOQFMaCmo9u1jyvMLTvA%2BWfxGoYavO%2Fkd7DWcW%2BmYRDvvIp5UNWP8lWnzp3VxF9gveUoXoDPlqeZKPJ%2FYaePrfJ7Q7RNWlvJwobdBZ%2Fs2ab9VRo%2Fzrz7Kdt5KZryqA%2BGPz1rfqbRK2Lf1TbnZIdtPC2sRV7NMxw%3D%3D","environmentVariables":{"FIREBASE_CONFIG":"{\"projectId\":\"reserve-manager-c58ed\",\"databaseURL\":\"https://reserve-manager-c58ed-default-rtdb.firebaseio.com\",\"storageBucket\":\"reserve-manager-c58ed.appspot.com\",\"locationId\":\"asia-northeast1\"}","GCLOUD_PROJECT":"reserve-manager-c58ed"},"runtime":"nodejs16"},"versionId":"1","updateTime":"2022-05-02T00:41:57Z","buildId":"ad87c415-a1e8-419d-9df7-f7eaa74243ae","buildName":"projects/884445113748/locations/us-central1/builds/ad87c415-a1e8-419d-9df7-f7eaa74243ae"}}
[debug] [2022-05-02T00:42:46.114Z] [create-default-us-central1-graphql] Retrying task index 0
[debug] [2022-05-02T00:42:46.115Z] >>> [apiv2][query] GET https://cloudfunctions.googleapis.com/v1/operations/cmVzZXJ2ZS1tYW5hZ2VyLWM1OGVkL3VzLWNlbnRyYWwxL2dyYXBocWwvQ0tGVkdfM05vMzQ [none]
[debug] [2022-05-02T00:42:46.768Z] <<< [apiv2][status] GET https://cloudfunctions.googleapis.com/v1/operations/cmVzZXJ2ZS1tYW5hZ2VyLWM1OGVkL3VzLWNlbnRyYWwxL2dyYXBocWwvQ0tGVkdfM05vMzQ 200
[debug] [2022-05-02T00:42:46.768Z] <<< [apiv2][body] GET https://cloudfunctions.googleapis.com/v1/operations/cmVzZXJ2ZS1tYW5hZ2VyLWM1OGVkL3VzLWNlbnRyYWwxL2dyYXBocWwvQ0tGVkdfM05vMzQ {"name":"operations/cmVzZXJ2ZS1tYW5hZ2VyLWM1OGVkL3VzLWNlbnRyYWwxL2dyYXBocWwvQ0tGVkdfM05vMzQ","metadata":{"@type":"type.googleapis.com/google.cloud.functions.v1.OperationMetadataV1","target":"projects/reserve-manager-c58ed/locations/us-central1/functions/graphql","type":"CREATE_FUNCTION","request":{"@type":"type.googleapis.com/google.cloud.functions.v1.CloudFunction","name":"projects/reserve-manager-c58ed/locations/us-central1/functions/graphql","httpsTrigger":{"securityLevel":"SECURE_ALWAYS"},"entryPoint":"graphql","labels":{"deployment-tool":"cli-firebase"},"sourceUploadUrl":"https://storage.googleapis.com/uploads-1069251882298.us-central1.cloudfunctions.appspot.com/c06a59a2-676e-45bb-8fee-d3f21d7a338b.zip?GoogleAccessId=service-884445113748@gcf-admin-robot.iam.gserviceaccount.com&Expires=1651453911&Signature=N4gv0Qs5goW1T6M%2FDD49p2TBzJWGMix9EAdj6OsNYOGEUKRRtnxMhLrfLcTWn%2Bjqnd6tIyFplzwzRGTb3wF5lhKVoeExn5LFoIgme%2Bqt16N3fKLMxJVR3dC3RwBi5A1ItyQIoXdZUJ4Gj6eB4KlrocnSgmZXDlgAdVXasIMd%2Fs%2Bi1EtFVKbHxABxOQFMaCmo9u1jyvMLTvA%2BWfxGoYavO%2Fkd7DWcW%2BmYRDvvIp5UNWP8lWnzp3VxF9gveUoXoDPlqeZKPJ%2FYaePrfJ7Q7RNWlvJwobdBZ%2Fs2ab9VRo%2Fzrz7Kdt5KZryqA%2BGPz1rfqbRK2Lf1TbnZIdtPC2sRV7NMxw%3D%3D","environmentVariables":{"FIREBASE_CONFIG":"{\"projectId\":\"reserve-manager-c58ed\",\"databaseURL\":\"https://reserve-manager-c58ed-default-rtdb.firebaseio.com\",\"storageBucket\":\"reserve-manager-c58ed.appspot.com\",\"locationId\":\"asia-northeast1\"}","GCLOUD_PROJECT":"reserve-manager-c58ed"},"runtime":"nodejs16"},"versionId":"1","updateTime":"2022-05-02T00:41:57Z","buildId":"ad87c415-a1e8-419d-9df7-f7eaa74243ae","buildName":"projects/884445113748/locations/us-central1/builds/ad87c415-a1e8-419d-9df7-f7eaa74243ae"}}
[debug] [2022-05-02T00:42:56.769Z] [create-default-us-central1-graphql] Retrying task index 0
[debug] [2022-05-02T00:42:56.769Z] >>> [apiv2][query] GET https://cloudfunctions.googleapis.com/v1/operations/cmVzZXJ2ZS1tYW5hZ2VyLWM1OGVkL3VzLWNlbnRyYWwxL2dyYXBocWwvQ0tGVkdfM05vMzQ [none]
[debug] [2022-05-02T00:42:57.821Z] <<< [apiv2][status] GET https://cloudfunctions.googleapis.com/v1/operations/cmVzZXJ2ZS1tYW5hZ2VyLWM1OGVkL3VzLWNlbnRyYWwxL2dyYXBocWwvQ0tGVkdfM05vMzQ 200
[debug] [2022-05-02T00:42:57.821Z] <<< [apiv2][body] GET https://cloudfunctions.googleapis.com/v1/operations/cmVzZXJ2ZS1tYW5hZ2VyLWM1OGVkL3VzLWNlbnRyYWwxL2dyYXBocWwvQ0tGVkdfM05vMzQ {"name":"operations/cmVzZXJ2ZS1tYW5hZ2VyLWM1OGVkL3VzLWNlbnRyYWwxL2dyYXBocWwvQ0tGVkdfM05vMzQ","metadata":{"@type":"type.googleapis.com/google.cloud.functions.v1.OperationMetadataV1","target":"projects/reserve-manager-c58ed/locations/us-central1/functions/graphql","type":"CREATE_FUNCTION","request":{"@type":"type.googleapis.com/google.cloud.functions.v1.CloudFunction","name":"projects/reserve-manager-c58ed/locations/us-central1/functions/graphql","httpsTrigger":{"securityLevel":"SECURE_ALWAYS"},"entryPoint":"graphql","labels":{"deployment-tool":"cli-firebase"},"sourceUploadUrl":"https://storage.googleapis.com/uploads-1069251882298.us-central1.cloudfunctions.appspot.com/c06a59a2-676e-45bb-8fee-d3f21d7a338b.zip?GoogleAccessId=service-884445113748@gcf-admin-robot.iam.gserviceaccount.com&Expires=1651453911&Signature=N4gv0Qs5goW1T6M%2FDD49p2TBzJWGMix9EAdj6OsNYOGEUKRRtnxMhLrfLcTWn%2Bjqnd6tIyFplzwzRGTb3wF5lhKVoeExn5LFoIgme%2Bqt16N3fKLMxJVR3dC3RwBi5A1ItyQIoXdZUJ4Gj6eB4KlrocnSgmZXDlgAdVXasIMd%2Fs%2Bi1EtFVKbHxABxOQFMaCmo9u1jyvMLTvA%2BWfxGoYavO%2Fkd7DWcW%2BmYRDvvIp5UNWP8lWnzp3VxF9gveUoXoDPlqeZKPJ%2FYaePrfJ7Q7RNWlvJwobdBZ%2Fs2ab9VRo%2Fzrz7Kdt5KZryqA%2BGPz1rfqbRK2Lf1TbnZIdtPC2sRV7NMxw%3D%3D","environmentVariables":{"FIREBASE_CONFIG":"{\"projectId\":\"reserve-manager-c58ed\",\"databaseURL\":\"https://reserve-manager-c58ed-default-rtdb.firebaseio.com\",\"storageBucket\":\"reserve-manager-c58ed.appspot.com\",\"locationId\":\"asia-northeast1\"}","GCLOUD_PROJECT":"reserve-manager-c58ed"},"runtime":"nodejs16"},"versionId":"1","updateTime":"2022-05-02T00:41:57Z","buildId":"ad87c415-a1e8-419d-9df7-f7eaa74243ae","sourceToken":"c225403d-0b0d-40c8-b90e-6f2fb9820b57","buildName":"projects/884445113748/locations/us-central1/builds/ad87c415-a1e8-419d-9df7-f7eaa74243ae"}}
[debug] [2022-05-02T00:42:57.821Z] Got source token c225403d-0b0d-40c8-b90e-6f2fb9820b57 for region us-central1
[debug] [2022-05-02T00:43:07.821Z] [create-default-us-central1-graphql] Retrying task index 0
[debug] [2022-05-02T00:43:07.822Z] >>> [apiv2][query] GET https://cloudfunctions.googleapis.com/v1/operations/cmVzZXJ2ZS1tYW5hZ2VyLWM1OGVkL3VzLWNlbnRyYWwxL2dyYXBocWwvQ0tGVkdfM05vMzQ [none]
[debug] [2022-05-02T00:43:08.470Z] <<< [apiv2][status] GET https://cloudfunctions.googleapis.com/v1/operations/cmVzZXJ2ZS1tYW5hZ2VyLWM1OGVkL3VzLWNlbnRyYWwxL2dyYXBocWwvQ0tGVkdfM05vMzQ 200
[debug] [2022-05-02T00:43:08.471Z] <<< [apiv2][body] GET https://cloudfunctions.googleapis.com/v1/operations/cmVzZXJ2ZS1tYW5hZ2VyLWM1OGVkL3VzLWNlbnRyYWwxL2dyYXBocWwvQ0tGVkdfM05vMzQ {"name":"operations/cmVzZXJ2ZS1tYW5hZ2VyLWM1OGVkL3VzLWNlbnRyYWwxL2dyYXBocWwvQ0tGVkdfM05vMzQ","metadata":{"@type":"type.googleapis.com/google.cloud.functions.v1.OperationMetadataV1","target":"projects/reserve-manager-c58ed/locations/us-central1/functions/graphql","type":"CREATE_FUNCTION","request":{"@type":"type.googleapis.com/google.cloud.functions.v1.CloudFunction","name":"projects/reserve-manager-c58ed/locations/us-central1/functions/graphql","httpsTrigger":{"securityLevel":"SECURE_ALWAYS"},"entryPoint":"graphql","labels":{"deployment-tool":"cli-firebase"},"sourceUploadUrl":"https://storage.googleapis.com/uploads-1069251882298.us-central1.cloudfunctions.appspot.com/c06a59a2-676e-45bb-8fee-d3f21d7a338b.zip?GoogleAccessId=service-884445113748@gcf-admin-robot.iam.gserviceaccount.com&Expires=1651453911&Signature=N4gv0Qs5goW1T6M%2FDD49p2TBzJWGMix9EAdj6OsNYOGEUKRRtnxMhLrfLcTWn%2Bjqnd6tIyFplzwzRGTb3wF5lhKVoeExn5LFoIgme%2Bqt16N3fKLMxJVR3dC3RwBi5A1ItyQIoXdZUJ4Gj6eB4KlrocnSgmZXDlgAdVXasIMd%2Fs%2Bi1EtFVKbHxABxOQFMaCmo9u1jyvMLTvA%2BWfxGoYavO%2Fkd7DWcW%2BmYRDvvIp5UNWP8lWnzp3VxF9gveUoXoDPlqeZKPJ%2FYaePrfJ7Q7RNWlvJwobdBZ%2Fs2ab9VRo%2Fzrz7Kdt5KZryqA%2BGPz1rfqbRK2Lf1TbnZIdtPC2sRV7NMxw%3D%3D","environmentVariables":{"FIREBASE_CONFIG":"{\"projectId\":\"reserve-manager-c58ed\",\"databaseURL\":\"https://reserve-manager-c58ed-default-rtdb.firebaseio.com\",\"storageBucket\":\"reserve-manager-c58ed.appspot.com\",\"locationId\":\"asia-northeast1\"}","GCLOUD_PROJECT":"reserve-manager-c58ed"},"runtime":"nodejs16"},"versionId":"1","updateTime":"2022-05-02T00:41:57Z","buildId":"ad87c415-a1e8-419d-9df7-f7eaa74243ae","sourceToken":"c225403d-0b0d-40c8-b90e-6f2fb9820b57","buildName":"projects/884445113748/locations/us-central1/builds/ad87c415-a1e8-419d-9df7-f7eaa74243ae"}}
[debug] [2022-05-02T00:43:08.471Z] Got source token c225403d-0b0d-40c8-b90e-6f2fb9820b57 for region us-central1
[debug] [2022-05-02T00:43:18.472Z] [create-default-us-central1-graphql] Retrying task index 0
[debug] [2022-05-02T00:43:18.473Z] >>> [apiv2][query] GET https://cloudfunctions.googleapis.com/v1/operations/cmVzZXJ2ZS1tYW5hZ2VyLWM1OGVkL3VzLWNlbnRyYWwxL2dyYXBocWwvQ0tGVkdfM05vMzQ [none]
[debug] [2022-05-02T00:43:20.349Z] <<< [apiv2][status] GET https://cloudfunctions.googleapis.com/v1/operations/cmVzZXJ2ZS1tYW5hZ2VyLWM1OGVkL3VzLWNlbnRyYWwxL2dyYXBocWwvQ0tGVkdfM05vMzQ 200
[debug] [2022-05-02T00:43:20.349Z] <<< [apiv2][body] GET https://cloudfunctions.googleapis.com/v1/operations/cmVzZXJ2ZS1tYW5hZ2VyLWM1OGVkL3VzLWNlbnRyYWwxL2dyYXBocWwvQ0tGVkdfM05vMzQ {"name":"operations/cmVzZXJ2ZS1tYW5hZ2VyLWM1OGVkL3VzLWNlbnRyYWwxL2dyYXBocWwvQ0tGVkdfM05vMzQ","metadata":{"@type":"type.googleapis.com/google.cloud.functions.v1.OperationMetadataV1","target":"projects/reserve-manager-c58ed/locations/us-central1/functions/graphql","type":"CREATE_FUNCTION","request":{"@type":"type.googleapis.com/google.cloud.functions.v1.CloudFunction","name":"projects/reserve-manager-c58ed/locations/us-central1/functions/graphql","httpsTrigger":{"securityLevel":"SECURE_ALWAYS"},"entryPoint":"graphql","labels":{"deployment-tool":"cli-firebase"},"sourceUploadUrl":"https://storage.googleapis.com/uploads-1069251882298.us-central1.cloudfunctions.appspot.com/c06a59a2-676e-45bb-8fee-d3f21d7a338b.zip?GoogleAccessId=service-884445113748@gcf-admin-robot.iam.gserviceaccount.com&Expires=1651453911&Signature=N4gv0Qs5goW1T6M%2FDD49p2TBzJWGMix9EAdj6OsNYOGEUKRRtnxMhLrfLcTWn%2Bjqnd6tIyFplzwzRGTb3wF5lhKVoeExn5LFoIgme%2Bqt16N3fKLMxJVR3dC3RwBi5A1ItyQIoXdZUJ4Gj6eB4KlrocnSgmZXDlgAdVXasIMd%2Fs%2Bi1EtFVKbHxABxOQFMaCmo9u1jyvMLTvA%2BWfxGoYavO%2Fkd7DWcW%2BmYRDvvIp5UNWP8lWnzp3VxF9gveUoXoDPlqeZKPJ%2FYaePrfJ7Q7RNWlvJwobdBZ%2Fs2ab9VRo%2Fzrz7Kdt5KZryqA%2BGPz1rfqbRK2Lf1TbnZIdtPC2sRV7NMxw%3D%3D","environmentVariables":{"FIREBASE_CONFIG":"{\"projectId\":\"reserve-manager-c58ed\",\"databaseURL\":\"https://reserve-manager-c58ed-default-rtdb.firebaseio.com\",\"storageBucket\":\"reserve-manager-c58ed.appspot.com\",\"locationId\":\"asia-northeast1\"}","GCLOUD_PROJECT":"reserve-manager-c58ed"},"runtime":"nodejs16"},"versionId":"1","updateTime":"2022-05-02T00:43:20Z","buildId":"ad87c415-a1e8-419d-9df7-f7eaa74243ae","sourceToken":"c225403d-0b0d-40c8-b90e-6f2fb9820b57","buildName":"projects/884445113748/locations/us-central1/builds/ad87c415-a1e8-419d-9df7-f7eaa74243ae"},"done":true,"error":{"code":3,"message":"Function failed on loading user code. This is likely due to a bug in the user code. Error message: Error: please examine your function logs to see the error cause: https://cloud.google.com/functions/docs/monitoring/logging#viewing_logs. Additional troubleshooting documentation can be found at https://cloud.google.com/functions/docs/troubleshooting#logging. Please visit https://cloud.google.com/functions/docs/troubleshooting for in-depth troubleshooting documentation."}}
[debug] [2022-05-02T00:43:20.349Z] Got source token c225403d-0b0d-40c8-b90e-6f2fb9820b57 for region us-central1
[error] Function failed on loading user code. This is likely due to a bug in the user code. Error message: Error: please examine your function logs to see the error cause: https://cloud.google.com/functions/docs/monitoring/logging#viewing_logs. Additional troubleshooting documentation can be found at https://cloud.google.com/functions/docs/troubleshooting#logging. Please visit https://cloud.google.com/functions/docs/troubleshooting for in-depth troubleshooting documentation.
[debug] [2022-05-02T00:43:20.355Z] Total Function Deployment time: 86887
[debug] [2022-05-02T00:43:20.355Z] 1 Functions Deployed
[debug] [2022-05-02T00:43:20.355Z] 1 Functions Errored
[debug] [2022-05-02T00:43:20.355Z] 0 Function Deployments Aborted
[debug] [2022-05-02T00:43:20.355Z] Average Function Deployment time: 86886
[info] 
[info] Functions deploy had errors with the following functions:
	graphql(us-central1)
[debug] [2022-05-02T00:43:21.435Z] Not printing URL for HTTPS function. Typically this means it didn't match a filter or we failed deployment
[info] i  functions: cleaning up build files... 
[debug] [2022-05-02T00:43:21.436Z] >>> [apiv2][query] GET https://us.gcr.io/v2/reserve-manager-c58ed/gcf/us-central1/tags/list [none]
[debug] [2022-05-02T00:43:25.255Z] <<< [apiv2][status] GET https://us.gcr.io/v2/reserve-manager-c58ed/gcf/us-central1/tags/list 200
[debug] [2022-05-02T00:43:25.255Z] <<< [apiv2][body] GET https://us.gcr.io/v2/reserve-manager-c58ed/gcf/us-central1/tags/list {"child":["af08a5a2-1673-4572-9747-e0292fcc5cfc"],"manifest":{},"name":"reserve-manager-c58ed/gcf/us-central1","tags":[]}
[debug] [2022-05-02T00:43:25.255Z] >>> [apiv2][query] GET https://us.gcr.io/v2/reserve-manager-c58ed/gcf/us-central1/af08a5a2-1673-4572-9747-e0292fcc5cfc/tags/list [none]
[debug] [2022-05-02T00:43:29.214Z] <<< [apiv2][status] GET https://us.gcr.io/v2/reserve-manager-c58ed/gcf/us-central1/af08a5a2-1673-4572-9747-e0292fcc5cfc/tags/list 200
[debug] [2022-05-02T00:43:29.215Z] <<< [apiv2][body] GET https://us.gcr.io/v2/reserve-manager-c58ed/gcf/us-central1/af08a5a2-1673-4572-9747-e0292fcc5cfc/tags/list {"child":["cache"],"manifest":{"sha256:3851089bb4f97215b2585453fd526e22e660c254c43e1f12875934ad829e2912":{"imageSizeBytes":"441051238","layerId":"","mediaType":"application/vnd.docker.distribution.manifest.v2+json","tag":["graphql_version-1","latest"],"timeCreatedMs":"315532801000","timeUploadedMs":"1651452169431"}},"name":"reserve-manager-c58ed/gcf/us-central1/af08a5a2-1673-4572-9747-e0292fcc5cfc","tags":["graphql_version-1","latest"]}
[debug] [2022-05-02T00:43:29.216Z] >>> [apiv2][query] GET https://us.gcr.io/v2/reserve-manager-c58ed/gcf/us-central1/af08a5a2-1673-4572-9747-e0292fcc5cfc/cache/tags/list [none]
[debug] [2022-05-02T00:43:29.217Z] >>> [apiv2][query] DELETE https://us.gcr.io/v2/reserve-manager-c58ed/gcf/us-central1/af08a5a2-1673-4572-9747-e0292fcc5cfc/manifests/graphql_version-1 [none]
[debug] [2022-05-02T00:43:29.218Z] >>> [apiv2][query] DELETE https://us.gcr.io/v2/reserve-manager-c58ed/gcf/us-central1/af08a5a2-1673-4572-9747-e0292fcc5cfc/manifests/latest [none]
[debug] [2022-05-02T00:43:30.405Z] <<< [apiv2][status] GET https://us.gcr.io/v2/reserve-manager-c58ed/gcf/us-central1/af08a5a2-1673-4572-9747-e0292fcc5cfc/cache/tags/list 200
[debug] [2022-05-02T00:43:30.405Z] <<< [apiv2][body] GET https://us.gcr.io/v2/reserve-manager-c58ed/gcf/us-central1/af08a5a2-1673-4572-9747-e0292fcc5cfc/cache/tags/list {"child":[],"manifest":{"sha256:53d68b6c3bf619f5f6217f8d8134a4aa04161cec6efe02ae3aab6d02b78bb54f":{"imageSizeBytes":"32580099","layerId":"","mediaType":"application/vnd.docker.distribution.manifest.v2+json","tag":["latest"],"timeCreatedMs":"315532801000","timeUploadedMs":"1651452169884"}},"name":"reserve-manager-c58ed/gcf/us-central1/af08a5a2-1673-4572-9747-e0292fcc5cfc/cache","tags":["latest"]}
[debug] [2022-05-02T00:43:30.405Z] >>> [apiv2][query] DELETE https://us.gcr.io/v2/reserve-manager-c58ed/gcf/us-central1/af08a5a2-1673-4572-9747-e0292fcc5cfc/cache/manifests/latest [none]
[debug] [2022-05-02T00:43:31.514Z] <<< [apiv2][status] DELETE https://us.gcr.io/v2/reserve-manager-c58ed/gcf/us-central1/af08a5a2-1673-4572-9747-e0292fcc5cfc/manifests/latest 202
[debug] [2022-05-02T00:43:31.515Z] <<< [apiv2][body] DELETE https://us.gcr.io/v2/reserve-manager-c58ed/gcf/us-central1/af08a5a2-1673-4572-9747-e0292fcc5cfc/manifests/latest {"errors":[]}
[debug] [2022-05-02T00:43:31.518Z] <<< [apiv2][status] DELETE https://us.gcr.io/v2/reserve-manager-c58ed/gcf/us-central1/af08a5a2-1673-4572-9747-e0292fcc5cfc/manifests/graphql_version-1 202
[debug] [2022-05-02T00:43:31.518Z] <<< [apiv2][body] DELETE https://us.gcr.io/v2/reserve-manager-c58ed/gcf/us-central1/af08a5a2-1673-4572-9747-e0292fcc5cfc/manifests/graphql_version-1 {"errors":[]}
[debug] [2022-05-02T00:43:31.518Z] >>> [apiv2][query] DELETE https://us.gcr.io/v2/reserve-manager-c58ed/gcf/us-central1/af08a5a2-1673-4572-9747-e0292fcc5cfc/manifests/sha256:3851089bb4f97215b2585453fd526e22e660c254c43e1f12875934ad829e2912 [none]
[debug] [2022-05-02T00:43:31.761Z] <<< [apiv2][status] DELETE https://us.gcr.io/v2/reserve-manager-c58ed/gcf/us-central1/af08a5a2-1673-4572-9747-e0292fcc5cfc/cache/manifests/latest 202
[debug] [2022-05-02T00:43:31.762Z] <<< [apiv2][body] DELETE https://us.gcr.io/v2/reserve-manager-c58ed/gcf/us-central1/af08a5a2-1673-4572-9747-e0292fcc5cfc/cache/manifests/latest {"errors":[]}
[debug] [2022-05-02T00:43:31.762Z] >>> [apiv2][query] DELETE https://us.gcr.io/v2/reserve-manager-c58ed/gcf/us-central1/af08a5a2-1673-4572-9747-e0292fcc5cfc/cache/manifests/sha256:53d68b6c3bf619f5f6217f8d8134a4aa04161cec6efe02ae3aab6d02b78bb54f [none]
[debug] [2022-05-02T00:43:34.868Z] <<< [apiv2][status] DELETE https://us.gcr.io/v2/reserve-manager-c58ed/gcf/us-central1/af08a5a2-1673-4572-9747-e0292fcc5cfc/manifests/sha256:3851089bb4f97215b2585453fd526e22e660c254c43e1f12875934ad829e2912 202
[debug] [2022-05-02T00:43:34.869Z] <<< [apiv2][body] DELETE https://us.gcr.io/v2/reserve-manager-c58ed/gcf/us-central1/af08a5a2-1673-4572-9747-e0292fcc5cfc/manifests/sha256:3851089bb4f97215b2585453fd526e22e660c254c43e1f12875934ad829e2912 {"errors":[]}
[debug] [2022-05-02T00:43:34.881Z] <<< [apiv2][status] DELETE https://us.gcr.io/v2/reserve-manager-c58ed/gcf/us-central1/af08a5a2-1673-4572-9747-e0292fcc5cfc/cache/manifests/sha256:53d68b6c3bf619f5f6217f8d8134a4aa04161cec6efe02ae3aab6d02b78bb54f 202
[debug] [2022-05-02T00:43:34.881Z] <<< [apiv2][body] DELETE https://us.gcr.io/v2/reserve-manager-c58ed/gcf/us-central1/af08a5a2-1673-4572-9747-e0292fcc5cfc/cache/manifests/sha256:53d68b6c3bf619f5f6217f8d8134a4aa04161cec6efe02ae3aab6d02b78bb54f {"errors":[]}
[debug] [2022-05-02T00:43:35.227Z] Error: Failed to create function graphql in region us-central1
    at /Users/ookawatatsuya/.nodebrew/node/v16.2.0/lib/node_modules/firebase-tools/lib/deploy/functions/release/fabricator.js:41:11
    at processTicksAndRejections (node:internal/process/task_queues:96:5)
    at async Fabricator.createV1Function (/Users/ookawatatsuya/.nodebrew/node/v16.2.0/lib/node_modules/firebase-tools/lib/deploy/functions/release/fabricator.js:167:32)
    at async Fabricator.createEndpoint (/Users/ookawatatsuya/.nodebrew/node/v16.2.0/lib/node_modules/firebase-tools/lib/deploy/functions/release/fabricator.js:118:13)
    at async handle (/Users/ookawatatsuya/.nodebrew/node/v16.2.0/lib/node_modules/firebase-tools/lib/deploy/functions/release/fabricator.js:77:17)
[error] 
[error] Error: There was an error deploying functions
